2021-06-11 21:31:13 Error: [Cake\Database\Exception\MissingExtensionException] Database driver Cake\Database\Driver\Postgres cannot be used due to a missing PHP extension or unmet dependency in /home/merciof/Documentos/repositorios-git/sebo-rural-cakephp/vendor/cakephp/cakephp/src/Database/Connection.php on line 187
Exception Attributes: array (
  'driver' => 'Cake\\Database\\Driver\\Postgres',
)
Stack Trace:
#0 /home/merciof/Documentos/repositorios-git/sebo-rural-cakephp/vendor/cakephp/cakephp/src/Database/Connection.php(128): Cake\Database\Connection->setDriver(Object(Cake\Database\Driver\Postgres), Array)
#1 /home/merciof/Documentos/repositorios-git/sebo-rural-cakephp/vendor/cakephp/cakephp/src/Datasource/ConnectionRegistry.php(88): Cake\Database\Connection->__construct(Array)
#2 /home/merciof/Documentos/repositorios-git/sebo-rural-cakephp/vendor/cakephp/cakephp/src/Core/ObjectRegistry.php(96): Cake\Datasource\ConnectionRegistry->_create('Cake\\Database\\C...', 'default', Array)
#3 /home/merciof/Documentos/repositorios-git/sebo-rural-cakephp/vendor/cakephp/cakephp/src/Datasource/ConnectionManager.php(204): Cake\Core\ObjectRegistry->load('Cake\\Database\\C...', Array)
#4 /home/merciof/Documentos/repositorios-git/sebo-rural-cakephp/vendor/cakephp/debug_kit/src/Panel/SqlLogPanel.php(50): Cake\Datasource\ConnectionManager::get('default')
#5 /home/merciof/Documentos/repositorios-git/sebo-rural-cakephp/vendor/cakephp/debug_kit/src/ToolbarService.php(196): DebugKit\Panel\SqlLogPanel->initialize()
#6 /home/merciof/Documentos/repositorios-git/sebo-rural-cakephp/vendor/cakephp/debug_kit/src/Middleware/DebugKitMiddleware.php(52): DebugKit\ToolbarService->initializePanels()
#7 /home/merciof/Documentos/repositorios-git/sebo-rural-cakephp/vendor/cakephp/cakephp/src/Http/Runner.php(65): DebugKit\Middleware\DebugKitMiddleware->__invoke(Object(Cake\Http\ServerRequest), Object(Cake\Http\Response), Object(Cake\Http\Runner))
#8 /home/merciof/Documentos/repositorios-git/sebo-rural-cakephp/vendor/cakephp/cakephp/src/Http/Runner.php(51): Cake\Http\Runner->__invoke(Object(Cake\Http\ServerRequest), Object(Cake\Http\Response))
#9 /home/merciof/Documentos/repositorios-git/sebo-rural-cakephp/vendor/cakephp/cakephp/src/Http/Server.php(97): Cake\Http\Runner->run(Object(Cake\Http\MiddlewareQueue), Object(Cake\Http\ServerRequest), Object(Cake\Http\Response))
#10 /home/merciof/Documentos/repositorios-git/sebo-rural-cakephp/webroot/index.php(40): Cake\Http\Server->run()
#11 {main}


2021-06-12 00:40:29 Error: [Cake\Database\Exception] Cannot describe books. It has 0 columns. (/home/merciof/Documentos/repositorios-git/sebo-rural-cakephp/vendor/cakephp/cakephp/src/Database/Schema/Collection.php:100)
#0 /home/merciof/Documentos/repositorios-git/sebo-rural-cakephp/vendor/cakephp/cakephp/src/Database/Schema/CachedCollection.php(61): Cake\Database\Schema\Collection->describe('books', Array)
#1 /home/merciof/Documentos/repositorios-git/sebo-rural-cakephp/vendor/cakephp/cakephp/src/ORM/Table.php(566): Cake\Database\Schema\CachedCollection->describe('books')
#2 /home/merciof/Documentos/repositorios-git/sebo-rural-cakephp/vendor/cakephp/cakephp/src/ORM/Query.php(267): Cake\ORM\Table->getSchema()
#3 /home/merciof/Documentos/repositorios-git/sebo-rural-cakephp/vendor/cakephp/cakephp/src/ORM/Query.php(167): Cake\ORM\Query->addDefaultTypes(Object(App\Model\Table\BooksTable))
#4 /home/merciof/Documentos/repositorios-git/sebo-rural-cakephp/vendor/cakephp/cakephp/src/ORM/Table.php(1785): Cake\ORM\Query->__construct(Object(Cake\Database\Connection), Object(App\Model\Table\BooksTable))
#5 /home/merciof/Documentos/repositorios-git/sebo-rural-cakephp/vendor/cakephp/cakephp/src/ORM/Table.php(1368): Cake\ORM\Table->query()
#6 /home/merciof/Documentos/repositorios-git/sebo-rural-cakephp/src/Controller/BooksController.php(12): Cake\ORM\Table->find()
#7 /home/merciof/Documentos/repositorios-git/sebo-rural-cakephp/vendor/cakephp/cakephp/src/Controller/Controller.php(606): App\Controller\BooksController->index()
#8 /home/merciof/Documentos/repositorios-git/sebo-rural-cakephp/vendor/cakephp/cakephp/src/Http/ActionDispatcher.php(120): Cake\Controller\Controller->invokeAction()
#9 /home/merciof/Documentos/repositorios-git/sebo-rural-cakephp/vendor/cakephp/cakephp/src/Http/ActionDispatcher.php(94): Cake\Http\ActionDispatcher->_invoke(Object(App\Controller\BooksController))
#10 /home/merciof/Documentos/repositorios-git/sebo-rural-cakephp/vendor/cakephp/cakephp/src/Http/BaseApplication.php(256): Cake\Http\ActionDispatcher->dispatch(Object(Cake\Http\ServerRequest), Object(Cake\Http\Response))
#11 /home/merciof/Documentos/repositorios-git/sebo-rural-cakephp/vendor/cakephp/cakephp/src/Http/Runner.php(65): Cake\Http\BaseApplication->__invoke(Object(Cake\Http\ServerRequest), Object(Cake\Http\Response), Object(Cake\Http\Runner))
#12 /home/merciof/Documentos/repositorios-git/sebo-rural-cakephp/vendor/cakephp/cakephp/src/Http/Runner.php(65): Cake\Http\Runner->__invoke(Object(Cake\Http\ServerRequest), Object(Cake\Http\Response), Object(Cake\Http\Runner))
#13 /home/merciof/Documentos/repositorios-git/sebo-rural-cakephp/vendor/cakephp/cakephp/src/Http/Middleware/CsrfProtectionMiddleware.php(122): Cake\Http\Runner->__invoke(Object(Cake\Http\ServerRequest), Object(Cake\Http\Response))
#14 /home/merciof/Documentos/repositorios-git/sebo-rural-cakephp/vendor/cakephp/cakephp/src/Http/Runner.php(65): Cake\Http\Middleware\CsrfProtectionMiddleware->__invoke(Object(Cake\Http\ServerRequest), Object(Cake\Http\Response), Object(Cake\Http\Runner))
#15 /home/merciof/Documentos/repositorios-git/sebo-rural-cakephp/vendor/cakephp/cakephp/src/Http/Runner.php(51): Cake\Http\Runner->__invoke(Object(Cake\Http\ServerRequest), Object(Cake\Http\Response))
#16 /home/merciof/Documentos/repositorios-git/sebo-rural-cakephp/vendor/cakephp/cakephp/src/Routing/Middleware/RoutingMiddleware.php(170): Cake\Http\Runner->run(Object(Cake\Http\MiddlewareQueue), Object(Cake\Http\ServerRequest), Object(Cake\Http\Response))
#17 /home/merciof/Documentos/repositorios-git/sebo-rural-cakephp/vendor/cakephp/cakephp/src/Http/Runner.php(65): Cake\Routing\Middleware\RoutingMiddleware->__invoke(Object(Cake\Http\ServerRequest), Object(Cake\Http\Response), Object(Cake\Http\Runner))
#18 /home/merciof/Documentos/repositorios-git/sebo-rural-cakephp/vendor/cakephp/cakephp/src/Routing/Middleware/AssetMiddleware.php(88): Cake\Http\Runner->__invoke(Object(Cake\Http\ServerRequest), Object(Cake\Http\Response))
#19 /home/merciof/Documentos/repositorios-git/sebo-rural-cakephp/vendor/cakephp/cakephp/src/Http/Runner.php(65): Cake\Routing\Middleware\AssetMiddleware->__invoke(Object(Cake\Http\ServerRequest), Object(Cake\Http\Response), Object(Cake\Http\Runner))
#20 /home/merciof/Documentos/repositorios-git/sebo-rural-cakephp/vendor/cakephp/cakephp/src/Error/Middleware/ErrorHandlerMiddleware.php(100): Cake\Http\Runner->__invoke(Object(Cake\Http\ServerRequest), Object(Cake\Http\Response))
#21 /home/merciof/Documentos/repositorios-git/sebo-rural-cakephp/vendor/cakephp/cakephp/src/Http/Runner.php(65): Cake\Error\Middleware\ErrorHandlerMiddleware->__invoke(Object(Cake\Http\ServerRequest), Object(Cake\Http\Response), Object(Cake\Http\Runner))
#22 /home/merciof/Documentos/repositorios-git/sebo-rural-cakephp/vendor/cakephp/debug_kit/src/Middleware/DebugKitMiddleware.php(53): Cake\Http\Runner->__invoke(Object(Cake\Http\ServerRequest), Object(Cake\Http\Response))
#23 /home/merciof/Documentos/repositorios-git/sebo-rural-cakephp/vendor/cakephp/cakephp/src/Http/Runner.php(65): DebugKit\Middleware\DebugKitMiddleware->__invoke(Object(Cake\Http\ServerRequest), Object(Cake\Http\Response), Object(Cake\Http\Runner))
#24 /home/merciof/Documentos/repositorios-git/sebo-rural-cakephp/vendor/cakephp/cakephp/src/Http/Runner.php(51): Cake\Http\Runner->__invoke(Object(Cake\Http\ServerRequest), Object(Cake\Http\Response))
#25 /home/merciof/Documentos/repositorios-git/sebo-rural-cakephp/vendor/cakephp/cakephp/src/Http/Server.php(97): Cake\Http\Runner->run(Object(Cake\Http\MiddlewareQueue), Object(Cake\Http\ServerRequest), Object(Cake\Http\Response))
#26 /home/merciof/Documentos/repositorios-git/sebo-rural-cakephp/webroot/index.php(40): Cake\Http\Server->run()
#27 {main}
Request URL: /books


2021-06-12 00:45:24 Error: [BadMethodCallException] Unknown method "fetchAll" (/home/merciof/Documentos/repositorios-git/sebo-rural-cakephp/vendor/cakephp/cakephp/src/Datasource/QueryTrait.php:532)
#0 /home/merciof/Documentos/repositorios-git/sebo-rural-cakephp/vendor/cakephp/cakephp/src/ORM/Query.php(1335): Cake\ORM\Query->_call('fetchAll', Array)
#1 /home/merciof/Documentos/repositorios-git/sebo-rural-cakephp/src/Controller/CoursesController.php(10): Cake\ORM\Query->__call('fetchAll', Array)
#2 /home/merciof/Documentos/repositorios-git/sebo-rural-cakephp/vendor/cakephp/cakephp/src/Controller/Controller.php(606): App\Controller\CoursesController->index()
#3 /home/merciof/Documentos/repositorios-git/sebo-rural-cakephp/vendor/cakephp/cakephp/src/Http/ActionDispatcher.php(120): Cake\Controller\Controller->invokeAction()
#4 /home/merciof/Documentos/repositorios-git/sebo-rural-cakephp/vendor/cakephp/cakephp/src/Http/ActionDispatcher.php(94): Cake\Http\ActionDispatcher->_invoke(Object(App\Controller\CoursesController))
#5 /home/merciof/Documentos/repositorios-git/sebo-rural-cakephp/vendor/cakephp/cakephp/src/Http/BaseApplication.php(256): Cake\Http\ActionDispatcher->dispatch(Object(Cake\Http\ServerRequest), Object(Cake\Http\Response))
#6 /home/merciof/Documentos/repositorios-git/sebo-rural-cakephp/vendor/cakephp/cakephp/src/Http/Runner.php(65): Cake\Http\BaseApplication->__invoke(Object(Cake\Http\ServerRequest), Object(Cake\Http\Response), Object(Cake\Http\Runner))
#7 /home/merciof/Documentos/repositorios-git/sebo-rural-cakephp/vendor/cakephp/cakephp/src/Http/Runner.php(65): Cake\Http\Runner->__invoke(Object(Cake\Http\ServerRequest), Object(Cake\Http\Response), Object(Cake\Http\Runner))
#8 /home/merciof/Documentos/repositorios-git/sebo-rural-cakephp/vendor/cakephp/cakephp/src/Http/Middleware/CsrfProtectionMiddleware.php(122): Cake\Http\Runner->__invoke(Object(Cake\Http\ServerRequest), Object(Cake\Http\Response))
#9 /home/merciof/Documentos/repositorios-git/sebo-rural-cakephp/vendor/cakephp/cakephp/src/Http/Runner.php(65): Cake\Http\Middleware\CsrfProtectionMiddleware->__invoke(Object(Cake\Http\ServerRequest), Object(Cake\Http\Response), Object(Cake\Http\Runner))
#10 /home/merciof/Documentos/repositorios-git/sebo-rural-cakephp/vendor/cakephp/cakephp/src/Http/Runner.php(51): Cake\Http\Runner->__invoke(Object(Cake\Http\ServerRequest), Object(Cake\Http\Response))
#11 /home/merciof/Documentos/repositorios-git/sebo-rural-cakephp/vendor/cakephp/cakephp/src/Routing/Middleware/RoutingMiddleware.php(170): Cake\Http\Runner->run(Object(Cake\Http\MiddlewareQueue), Object(Cake\Http\ServerRequest), Object(Cake\Http\Response))
#12 /home/merciof/Documentos/repositorios-git/sebo-rural-cakephp/vendor/cakephp/cakephp/src/Http/Runner.php(65): Cake\Routing\Middleware\RoutingMiddleware->__invoke(Object(Cake\Http\ServerRequest), Object(Cake\Http\Response), Object(Cake\Http\Runner))
#13 /home/merciof/Documentos/repositorios-git/sebo-rural-cakephp/vendor/cakephp/cakephp/src/Routing/Middleware/AssetMiddleware.php(88): Cake\Http\Runner->__invoke(Object(Cake\Http\ServerRequest), Object(Cake\Http\Response))
#14 /home/merciof/Documentos/repositorios-git/sebo-rural-cakephp/vendor/cakephp/cakephp/src/Http/Runner.php(65): Cake\Routing\Middleware\AssetMiddleware->__invoke(Object(Cake\Http\ServerRequest), Object(Cake\Http\Response), Object(Cake\Http\Runner))
#15 /home/merciof/Documentos/repositorios-git/sebo-rural-cakephp/vendor/cakephp/cakephp/src/Error/Middleware/ErrorHandlerMiddleware.php(100): Cake\Http\Runner->__invoke(Object(Cake\Http\ServerRequest), Object(Cake\Http\Response))
#16 /home/merciof/Documentos/repositorios-git/sebo-rural-cakephp/vendor/cakephp/cakephp/src/Http/Runner.php(65): Cake\Error\Middleware\ErrorHandlerMiddleware->__invoke(Object(Cake\Http\ServerRequest), Object(Cake\Http\Response), Object(Cake\Http\Runner))
#17 /home/merciof/Documentos/repositorios-git/sebo-rural-cakephp/vendor/cakephp/debug_kit/src/Middleware/DebugKitMiddleware.php(53): Cake\Http\Runner->__invoke(Object(Cake\Http\ServerRequest), Object(Cake\Http\Response))
#18 /home/merciof/Documentos/repositorios-git/sebo-rural-cakephp/vendor/cakephp/cakephp/src/Http/Runner.php(65): DebugKit\Middleware\DebugKitMiddleware->__invoke(Object(Cake\Http\ServerRequest), Object(Cake\Http\Response), Object(Cake\Http\Runner))
#19 /home/merciof/Documentos/repositorios-git/sebo-rural-cakephp/vendor/cakephp/cakephp/src/Http/Runner.php(51): Cake\Http\Runner->__invoke(Object(Cake\Http\ServerRequest), Object(Cake\Http\Response))
#20 /home/merciof/Documentos/repositorios-git/sebo-rural-cakephp/vendor/cakephp/cakephp/src/Http/Server.php(97): Cake\Http\Runner->run(Object(Cake\Http\MiddlewareQueue), Object(Cake\Http\ServerRequest), Object(Cake\Http\Response))
#21 /home/merciof/Documentos/repositorios-git/sebo-rural-cakephp/webroot/index.php(40): Cake\Http\Server->run()
#22 {main}
Request URL: /courses


2021-06-12 00:45:45 Error: [BadMethodCallException] Unknown method "fetch" (/home/merciof/Documentos/repositorios-git/sebo-rural-cakephp/vendor/cakephp/cakephp/src/Datasource/QueryTrait.php:532)
#0 /home/merciof/Documentos/repositorios-git/sebo-rural-cakephp/vendor/cakephp/cakephp/src/ORM/Query.php(1335): Cake\ORM\Query->_call('fetch', Array)
#1 /home/merciof/Documentos/repositorios-git/sebo-rural-cakephp/src/Controller/CoursesController.php(10): Cake\ORM\Query->__call('fetch', Array)
#2 /home/merciof/Documentos/repositorios-git/sebo-rural-cakephp/vendor/cakephp/cakephp/src/Controller/Controller.php(606): App\Controller\CoursesController->index()
#3 /home/merciof/Documentos/repositorios-git/sebo-rural-cakephp/vendor/cakephp/cakephp/src/Http/ActionDispatcher.php(120): Cake\Controller\Controller->invokeAction()
#4 /home/merciof/Documentos/repositorios-git/sebo-rural-cakephp/vendor/cakephp/cakephp/src/Http/ActionDispatcher.php(94): Cake\Http\ActionDispatcher->_invoke(Object(App\Controller\CoursesController))
#5 /home/merciof/Documentos/repositorios-git/sebo-rural-cakephp/vendor/cakephp/cakephp/src/Http/BaseApplication.php(256): Cake\Http\ActionDispatcher->dispatch(Object(Cake\Http\ServerRequest), Object(Cake\Http\Response))
#6 /home/merciof/Documentos/repositorios-git/sebo-rural-cakephp/vendor/cakephp/cakephp/src/Http/Runner.php(65): Cake\Http\BaseApplication->__invoke(Object(Cake\Http\ServerRequest), Object(Cake\Http\Response), Object(Cake\Http\Runner))
#7 /home/merciof/Documentos/repositorios-git/sebo-rural-cakephp/vendor/cakephp/cakephp/src/Http/Runner.php(65): Cake\Http\Runner->__invoke(Object(Cake\Http\ServerRequest), Object(Cake\Http\Response), Object(Cake\Http\Runner))
#8 /home/merciof/Documentos/repositorios-git/sebo-rural-cakephp/vendor/cakephp/cakephp/src/Http/Middleware/CsrfProtectionMiddleware.php(122): Cake\Http\Runner->__invoke(Object(Cake\Http\ServerRequest), Object(Cake\Http\Response))
#9 /home/merciof/Documentos/repositorios-git/sebo-rural-cakephp/vendor/cakephp/cakephp/src/Http/Runner.php(65): Cake\Http\Middleware\CsrfProtectionMiddleware->__invoke(Object(Cake\Http\ServerRequest), Object(Cake\Http\Response), Object(Cake\Http\Runner))
#10 /home/merciof/Documentos/repositorios-git/sebo-rural-cakephp/vendor/cakephp/cakephp/src/Http/Runner.php(51): Cake\Http\Runner->__invoke(Object(Cake\Http\ServerRequest), Object(Cake\Http\Response))
#11 /home/merciof/Documentos/repositorios-git/sebo-rural-cakephp/vendor/cakephp/cakephp/src/Routing/Middleware/RoutingMiddleware.php(170): Cake\Http\Runner->run(Object(Cake\Http\MiddlewareQueue), Object(Cake\Http\ServerRequest), Object(Cake\Http\Response))
#12 /home/merciof/Documentos/repositorios-git/sebo-rural-cakephp/vendor/cakephp/cakephp/src/Http/Runner.php(65): Cake\Routing\Middleware\RoutingMiddleware->__invoke(Object(Cake\Http\ServerRequest), Object(Cake\Http\Response), Object(Cake\Http\Runner))
#13 /home/merciof/Documentos/repositorios-git/sebo-rural-cakephp/vendor/cakephp/cakephp/src/Routing/Middleware/AssetMiddleware.php(88): Cake\Http\Runner->__invoke(Object(Cake\Http\ServerRequest), Object(Cake\Http\Response))
#14 /home/merciof/Documentos/repositorios-git/sebo-rural-cakephp/vendor/cakephp/cakephp/src/Http/Runner.php(65): Cake\Routing\Middleware\AssetMiddleware->__invoke(Object(Cake\Http\ServerRequest), Object(Cake\Http\Response), Object(Cake\Http\Runner))
#15 /home/merciof/Documentos/repositorios-git/sebo-rural-cakephp/vendor/cakephp/cakephp/src/Error/Middleware/ErrorHandlerMiddleware.php(100): Cake\Http\Runner->__invoke(Object(Cake\Http\ServerRequest), Object(Cake\Http\Response))
#16 /home/merciof/Documentos/repositorios-git/sebo-rural-cakephp/vendor/cakephp/cakephp/src/Http/Runner.php(65): Cake\Error\Middleware\ErrorHandlerMiddleware->__invoke(Object(Cake\Http\ServerRequest), Object(Cake\Http\Response), Object(Cake\Http\Runner))
#17 /home/merciof/Documentos/repositorios-git/sebo-rural-cakephp/vendor/cakephp/debug_kit/src/Middleware/DebugKitMiddleware.php(53): Cake\Http\Runner->__invoke(Object(Cake\Http\ServerRequest), Object(Cake\Http\Response))
#18 /home/merciof/Documentos/repositorios-git/sebo-rural-cakephp/vendor/cakephp/cakephp/src/Http/Runner.php(65): DebugKit\Middleware\DebugKitMiddleware->__invoke(Object(Cake\Http\ServerRequest), Object(Cake\Http\Response), Object(Cake\Http\Runner))
#19 /home/merciof/Documentos/repositorios-git/sebo-rural-cakephp/vendor/cakephp/cakephp/src/Http/Runner.php(51): Cake\Http\Runner->__invoke(Object(Cake\Http\ServerRequest), Object(Cake\Http\Response))
#20 /home/merciof/Documentos/repositorios-git/sebo-rural-cakephp/vendor/cakephp/cakephp/src/Http/Server.php(97): Cake\Http\Runner->run(Object(Cake\Http\MiddlewareQueue), Object(Cake\Http\ServerRequest), Object(Cake\Http\Response))
#21 /home/merciof/Documentos/repositorios-git/sebo-rural-cakephp/webroot/index.php(40): Cake\Http\Server->run()
#22 {main}
Request URL: /courses


2021-06-12 00:45:57 Error: [Cake\View\Exception\MissingTemplateException] Template file "Courses/index.ctp" is missing. (/home/merciof/Documentos/repositorios-git/sebo-rural-cakephp/vendor/cakephp/cakephp/src/View/View.php:1605)
Exception Attributes: array (
  'file' => 'Courses/index.ctp',
)
#0 /home/merciof/Documentos/repositorios-git/sebo-rural-cakephp/vendor/cakephp/cakephp/src/View/View.php(888): Cake\View\View->_getViewFileName('Courses/index')
#1 /home/merciof/Documentos/repositorios-git/sebo-rural-cakephp/vendor/cakephp/cakephp/src/Controller/Controller.php(791): Cake\View\View->render(NULL, NULL)
#2 /home/merciof/Documentos/repositorios-git/sebo-rural-cakephp/vendor/cakephp/cakephp/src/Http/ActionDispatcher.php(126): Cake\Controller\Controller->render()
#3 /home/merciof/Documentos/repositorios-git/sebo-rural-cakephp/vendor/cakephp/cakephp/src/Http/ActionDispatcher.php(94): Cake\Http\ActionDispatcher->_invoke(Object(App\Controller\CoursesController))
#4 /home/merciof/Documentos/repositorios-git/sebo-rural-cakephp/vendor/cakephp/cakephp/src/Http/BaseApplication.php(256): Cake\Http\ActionDispatcher->dispatch(Object(Cake\Http\ServerRequest), Object(Cake\Http\Response))
#5 /home/merciof/Documentos/repositorios-git/sebo-rural-cakephp/vendor/cakephp/cakephp/src/Http/Runner.php(65): Cake\Http\BaseApplication->__invoke(Object(Cake\Http\ServerRequest), Object(Cake\Http\Response), Object(Cake\Http\Runner))
#6 /home/merciof/Documentos/repositorios-git/sebo-rural-cakephp/vendor/cakephp/cakephp/src/Http/Runner.php(65): Cake\Http\Runner->__invoke(Object(Cake\Http\ServerRequest), Object(Cake\Http\Response), Object(Cake\Http\Runner))
#7 /home/merciof/Documentos/repositorios-git/sebo-rural-cakephp/vendor/cakephp/cakephp/src/Http/Middleware/CsrfProtectionMiddleware.php(122): Cake\Http\Runner->__invoke(Object(Cake\Http\ServerRequest), Object(Cake\Http\Response))
#8 /home/merciof/Documentos/repositorios-git/sebo-rural-cakephp/vendor/cakephp/cakephp/src/Http/Runner.php(65): Cake\Http\Middleware\CsrfProtectionMiddleware->__invoke(Object(Cake\Http\ServerRequest), Object(Cake\Http\Response), Object(Cake\Http\Runner))
#9 /home/merciof/Documentos/repositorios-git/sebo-rural-cakephp/vendor/cakephp/cakephp/src/Http/Runner.php(51): Cake\Http\Runner->__invoke(Object(Cake\Http\ServerRequest), Object(Cake\Http\Response))
#10 /home/merciof/Documentos/repositorios-git/sebo-rural-cakephp/vendor/cakephp/cakephp/src/Routing/Middleware/RoutingMiddleware.php(170): Cake\Http\Runner->run(Object(Cake\Http\MiddlewareQueue), Object(Cake\Http\ServerRequest), Object(Cake\Http\Response))
#11 /home/merciof/Documentos/repositorios-git/sebo-rural-cakephp/vendor/cakephp/cakephp/src/Http/Runner.php(65): Cake\Routing\Middleware\RoutingMiddleware->__invoke(Object(Cake\Http\ServerRequest), Object(Cake\Http\Response), Object(Cake\Http\Runner))
#12 /home/merciof/Documentos/repositorios-git/sebo-rural-cakephp/vendor/cakephp/cakephp/src/Routing/Middleware/AssetMiddleware.php(88): Cake\Http\Runner->__invoke(Object(Cake\Http\ServerRequest), Object(Cake\Http\Response))
#13 /home/merciof/Documentos/repositorios-git/sebo-rural-cakephp/vendor/cakephp/cakephp/src/Http/Runner.php(65): Cake\Routing\Middleware\AssetMiddleware->__invoke(Object(Cake\Http\ServerRequest), Object(Cake\Http\Response), Object(Cake\Http\Runner))
#14 /home/merciof/Documentos/repositorios-git/sebo-rural-cakephp/vendor/cakephp/cakephp/src/Error/Middleware/ErrorHandlerMiddleware.php(100): Cake\Http\Runner->__invoke(Object(Cake\Http\ServerRequest), Object(Cake\Http\Response))
#15 /home/merciof/Documentos/repositorios-git/sebo-rural-cakephp/vendor/cakephp/cakephp/src/Http/Runner.php(65): Cake\Error\Middleware\ErrorHandlerMiddleware->__invoke(Object(Cake\Http\ServerRequest), Object(Cake\Http\Response), Object(Cake\Http\Runner))
#16 /home/merciof/Documentos/repositorios-git/sebo-rural-cakephp/vendor/cakephp/debug_kit/src/Middleware/DebugKitMiddleware.php(53): Cake\Http\Runner->__invoke(Object(Cake\Http\ServerRequest), Object(Cake\Http\Response))
#17 /home/merciof/Documentos/repositorios-git/sebo-rural-cakephp/vendor/cakephp/cakephp/src/Http/Runner.php(65): DebugKit\Middleware\DebugKitMiddleware->__invoke(Object(Cake\Http\ServerRequest), Object(Cake\Http\Response), Object(Cake\Http\Runner))
#18 /home/merciof/Documentos/repositorios-git/sebo-rural-cakephp/vendor/cakephp/cakephp/src/Http/Runner.php(51): Cake\Http\Runner->__invoke(Object(Cake\Http\ServerRequest), Object(Cake\Http\Response))
#19 /home/merciof/Documentos/repositorios-git/sebo-rural-cakephp/vendor/cakephp/cakephp/src/Http/Server.php(97): Cake\Http\Runner->run(Object(Cake\Http\MiddlewareQueue), Object(Cake\Http\ServerRequest), Object(Cake\Http\Response))
#20 /home/merciof/Documentos/repositorios-git/sebo-rural-cakephp/webroot/index.php(40): Cake\Http\Server->run()
#21 {main}
Request URL: /courses


